[2026/07/07 13:55:59 EDT] [INFO] () Server starting on port :9082...
[2026/07/07 15:02:51 EDT] [INFO] () Server starting on port :9082...
[2026/07/07 15:04:04 EDT] [INFO] () Server starting on port :9082...
[2026/07/07 15:05:21 EDT] [INFO] () Parsed Server Port: 8080

[2026/07/07 15:05:21 EDT] [INFO] () Parsed DB Host: localhost

[2026/07/07 15:05:21 EDT] [INFO] () Successfully updated and saved config_updated.yaml!
[2026/07/07 15:05:21 EDT] [INFO] () Server starting on port :9082...
[2026/07/07 15:10:32 EDT] [INFO] () Parsed Server Address: %!d(string=0.0.0.0:9082)

[2026/07/07 15:10:32 EDT] [INFO] () Parsed DB Host: localhost

[2026/07/07 15:10:32 EDT] [INFO] () Successfully updated and saved config_updated.yaml!
[2026/07/07 15:10:32 EDT] [INFO] () Server starting on 0.0.0.0:9082...
[2026/07/07 15:24:54 EDT] [INFO] () Parsed Server Address: %!d(string=0.0.0.0:9082)

[2026/07/07 15:24:54 EDT] [INFO] () Parsed DB Host: localhost

[2026/07/07 15:24:54 EDT] [INFO] () Successfully updated and saved config_updated.yaml!
[2026/07/07 15:24:54 EDT] [INFO] () Server starting on 0.0.0.0:9082...
[2026/07/07 15:25:10 EDT] [INFO] () ExtractZip-started,archivePath=1783452307160-1783285436293-s25-sydney.zip,dst=/Users/developer/T9/workshop/uploads/1783452307160-1783285436293-s25-sydney
[2026/07/07 15:29:13 EDT] [INFO] () Parsed Server Address: %!d(string=0.0.0.0:9082)

[2026/07/07 15:29:13 EDT] [INFO] () Parsed DB Host: localhost

[2026/07/07 15:29:13 EDT] [INFO] () Successfully updated and saved config_updated.yaml!
[2026/07/07 15:29:13 EDT] [INFO] () Server starting on 0.0.0.0:9082...
[2026/07/07 15:29:32 EDT] [INFO] () UnzipHandler - filename=1783452569576-1783285436293-s25-sydney.zip,target_from_web=/Users/developer/T9/workshop/uploads
[2026/07/07 15:29:32 EDT] [INFO] () ExtractZip-started,archivePath=1783452569576-1783285436293-s25-sydney.zip,dst=/Users/developer/T9/workshop/uploads/1783452569576-1783285436293-s25-sydney
[2026/07/07 15:37:12 EDT] [INFO] () UnzipHandler - filename=/Users/developer/T9/workshop/uploads/1783453029016-1783285436293-s25-sydney.zip,target_from_web=/Users/developer/T9/workshop/uploads
[2026/07/07 15:37:12 EDT] [INFO] () ExtractZip-started,archivePath=/Users/developer/T9/workshop/uploads/1783453029016-1783285436293-s25-sydney.zip,dst=/Users/developer/T9/workshop/uploads/1783453029016-1783285436293-s25-sydney
[2026/07/07 15:51:36 EDT] [INFO] () UnzipHandler - filename=/Users/developer/T9/workshop/uploads/1783453892676-1783285436293-s25-sydney.zip,target_from_web=/Users/developer/T9/workshop/uploads
[2026/07/07 15:51:36 EDT] [INFO] () ExtractZip-started,archivePath=/Users/developer/T9/workshop/uploads/1783453892676-1783285436293-s25-sydney.zip,dst=/Users/developer/T9/workshop/uploads/1783453892676-1783285436293-s25-sydney
[2026/07/07 15:54:54 EDT] [INFO] () UnzipHandler - filename=/Users/developer/T9/workshop/uploads/1783454090936-1783285436293-s25-sydney.zip,target_from_web=/Users/developer/T9/workshop/uploads
[2026/07/07 15:54:54 EDT] [INFO] () ExtractZip-started,archivePath=/Users/developer/T9/workshop/uploads/1783454090936-1783285436293-s25-sydney.zip,dst=/Users/developer/T9/workshop/uploads/1783454090936-1783285436293-s25-sydney
[2026/07/07 16:54:49 EDT] [INFO] () UnzipHandler - filename=/Users/developer/T9/workshop/uploads/1783457686222-1783285436293-s25-sydney.zip,target_from_web=/Users/developer/T9/workshop/uploads
[2026/07/07 16:54:49 EDT] [INFO] () ExtractZip-started,archivePath=/Users/developer/T9/workshop/uploads/1783457686222-1783285436293-s25-sydney.zip,dst=/Users/developer/T9/workshop/uploads/1783457686222-1783285436293-s25-sydney
[2026/07/07 17:09:43 EDT] [INFO] () UnzipHandler - filename=/Users/developer/T9/workshop/uploads/1783458578381-1783285436293-s25-sydney.zip,target_from_web=/Users/developer/T9/workshop/uploads
[2026/07/07 17:09:43 EDT] [INFO] () ExtractZip-started,archivePath=/Users/developer/T9/workshop/uploads/1783458578381-1783285436293-s25-sydney.zip,dst=/Users/developer/T9/workshop/uploads/1783458578381-1783285436293-s25-sydney
[2026/07/07 17:10:58 EDT] [INFO] () UnzipHandler - filename=/Users/developer/T9/workshop/uploads/1783458654513-1783285436293-s25-sydney.zip,target_from_web=/Users/developer/T9/workshop/uploads
[2026/07/07 17:10:58 EDT] [INFO] () ExtractZip-started,archivePath=/Users/developer/T9/workshop/uploads/1783458654513-1783285436293-s25-sydney.zip,dst=/Users/developer/T9/workshop/uploads/1783458654513-1783285436293-s25-sydney
[2026/07/07 17:11:36 EDT] [INFO] () UnzipHandler - filename=/Users/developer/T9/workshop/uploads/1783458693353-1783285436293-s25-sydney.zip,target_from_web=/Users/developer/T9/workshop/uploads
[2026/07/07 17:11:36 EDT] [INFO] () ExtractZip-started,archivePath=/Users/developer/T9/workshop/uploads/1783458693353-1783285436293-s25-sydney.zip,dst=/Users/developer/T9/workshop/uploads/1783458693353-1783285436293-s25-sydney
[2026/07/07 17:16:59 EDT] [INFO] () UnzipHandler - filename=/Users/developer/T9/workshop/uploads/1783459016390-1783285436293-s25-sydney.zip,target_from_web=/Users/developer/T9/workshop/uploads
[2026/07/07 17:16:59 EDT] [INFO] () ExtractZip-started,archivePath=/Users/developer/T9/workshop/uploads/1783459016390-1783285436293-s25-sydney.zip,dst=/Users/developer/T9/workshop/uploads/1783459016390-1783285436293-s25-sydney
[2026/07/07 17:19:56 EDT] [INFO] () UnzipHandler - filename=/Users/developer/T9/workshop/uploads/1783459193979-1783285436293-s25-sydney.zip,target_from_web=/Users/developer/T9/workshop/uploads
[2026/07/07 17:19:56 EDT] [INFO] () ExtractZip-started,archivePath=/Users/developer/T9/workshop/uploads/1783459193979-1783285436293-s25-sydney.zip,dst=/Users/developer/T9/workshop/uploads/1783459193979-1783285436293-s25-sydney
[2026/07/07 17:53:53 EDT] [INFO] () UnzipHandler - filename=/Users/developer/T9/workshop/uploads/1783461230798-1783285436293-s25-sydney.zip,target_from_web=/Users/developer/T9/workshop/uploads
[2026/07/07 17:53:53 EDT] [INFO] () ExtractZip-started,archivePath=/Users/developer/T9/workshop/uploads/1783461230798-1783285436293-s25-sydney.zip,dst=/Users/developer/T9/workshop/uploads/1783461230798-1783285436293-s25-sydney
[2026/07/07 17:56:11 EDT] [INFO] () UnzipHandler - filename=/Users/developer/T9/workshop/uploads/1783461369202-1783285436293-s25-sydney.zip,target_from_web=/Users/developer/T9/workshop/uploads
[2026/07/07 17:56:11 EDT] [INFO] () ExtractZip-started,archivePath=/Users/developer/T9/workshop/uploads/1783461369202-1783285436293-s25-sydney.zip,dst=/Users/developer/T9/workshop/uploads/1783461369202-1783285436293-s25-sydney
[2026/07/08 09:54:32 EDT] [INFO] () Parsed Server Address: %!d(string=0.0.0.0:9082)

[2026/07/08 09:54:32 EDT] [INFO] () Parsed DB Host: localhost

[2026/07/08 09:54:32 EDT] [INFO] () Successfully updated and saved config_updated.yaml!
[2026/07/08 09:54:32 EDT] [INFO] () Server starting on 0.0.0.0:9082...
[2026/07/08 10:09:07 EDT] [INFO] () UnzipHandler - filename=/Users/developer/T9/workshop/uploads/1783519744233-1783285436293-s25-sydney.zip,target_from_web=/Users/developer/T9/workshop/uploads
[2026/07/08 10:09:07 EDT] [INFO] () ExtractZip-started,archivePath=/Users/developer/T9/workshop/uploads/1783519744233-1783285436293-s25-sydney.zip,dst=/Users/developer/T9/workshop/uploads/1783519744233-1783285436293-s25-sydney
[2026/07/08 10:53:06 EDT] [INFO] () UnzipHandler - filename=/Users/developer/T9/workshop/uploads/1783522383718-1783285436293-s25-sydney.zip,target_from_web=/Users/developer/T9/workshop/uploads
[2026/07/08 10:53:06 EDT] [INFO] () ExtractZip-started,archivePath=/Users/developer/T9/workshop/uploads/1783522383718-1783285436293-s25-sydney.zip,dst=/Users/developer/T9/workshop/uploads/1783522383718-1783285436293-s25-sydney
[2026/07/08 10:57:29 EDT] [INFO] () UnzipHandler - filename=/Users/developer/T9/workshop/uploads/1783522646594-1783285436293-s25-sydney.zip,target_from_web=/Users/developer/T9/workshop/uploads
[2026/07/08 10:57:29 EDT] [INFO] () ExtractZip-started,archivePath=/Users/developer/T9/workshop/uploads/1783522646594-1783285436293-s25-sydney.zip,dst=/Users/developer/T9/workshop/uploads/1783522646594-1783285436293-s25-sydney
[2026/07/08 11:01:34 EDT] [INFO] () UnzipHandler - filename=/Users/developer/T9/workshop/uploads/1783522891656-1783285436293-s25-sydney.zip,target_from_web=/Users/developer/T9/workshop/uploads
[2026/07/08 11:01:34 EDT] [INFO] () ExtractZip-started,archivePath=/Users/developer/T9/workshop/uploads/1783522891656-1783285436293-s25-sydney.zip,dst=/Users/developer/T9/workshop/uploads/1783522891656-1783285436293-s25-sydney
[2026/07/08 11:10:32 EDT] [INFO] () UnzipHandler - filename=/Users/developer/T9/workshop/uploads/1783523429866-1783285436293-s25-sydney.zip,target_from_web=/Users/developer/T9/workshop/uploads
[2026/07/08 11:10:32 EDT] [INFO] () ExtractZip-started,archivePath=/Users/developer/T9/workshop/uploads/1783523429866-1783285436293-s25-sydney.zip,dst=/Users/developer/T9/workshop/uploads/1783523429866-1783285436293-s25-sydney
[2026/07/08 11:57:54 EDT] [INFO] () UnzipHandler - filename=/Users/developer/T9/workshop/uploads/1783526272030-1783285436293-s25-sydney.zip,target_from_web=/Users/developer/T9/workshop/uploads
[2026/07/08 11:57:54 EDT] [INFO] () ExtractZip-started,archivePath=/Users/developer/T9/workshop/uploads/1783526272030-1783285436293-s25-sydney.zip,dst=/Users/developer/T9/workshop/uploads/1783526272030-1783285436293-s25-sydney
[2026/07/08 12:00:25 EDT] [INFO] () UnzipHandler - filename=/Users/developer/T9/workshop/uploads/1783526422884-1783285436293-s25-sydney.zip,target_from_web=/Users/developer/T9/workshop/uploads
[2026/07/08 12:00:25 EDT] [INFO] () ExtractZip-started,archivePath=/Users/developer/T9/workshop/uploads/1783526422884-1783285436293-s25-sydney.zip,dst=/Users/developer/T9/workshop/uploads/1783526422884-1783285436293-s25-sydney
[2026/07/08 12:02:50 EDT] [INFO] () UnzipHandler - filename=/Users/developer/T9/workshop/uploads/1783526568031-1783285436293-s25-sydney.zip,target_from_web=/Users/developer/T9/workshop/uploads
[2026/07/08 12:02:50 EDT] [INFO] () ExtractZip-started,archivePath=/Users/developer/T9/workshop/uploads/1783526568031-1783285436293-s25-sydney.zip,dst=/Users/developer/T9/workshop/uploads/1783526568031-1783285436293-s25-sydney
[2026/07/08 12:07:36 EDT] [INFO] () UnzipHandler - filename=/Users/developer/T9/workshop/uploads/1783526853689-1783285436293-s25-sydney.zip,target_from_web=/Users/developer/T9/workshop/uploads
[2026/07/08 12:07:36 EDT] [INFO] () ExtractZip-started,archivePath=/Users/developer/T9/workshop/uploads/1783526853689-1783285436293-s25-sydney.zip,dst=/Users/developer/T9/workshop/uploads/1783526853689-1783285436293-s25-sydney
[2026/07/09 11:05:16 EDT] [INFO] () Parsed Server Address: %!d(string=0.0.0.0:9082)

[2026/07/09 11:05:16 EDT] [INFO] () Parsed DB Host: localhost

[2026/07/09 11:05:16 EDT] [INFO] () Successfully updated and saved config_updated.yaml!
[2026/07/09 11:05:16 EDT] [INFO] () Server starting on 0.0.0.0:9082...
